<?xml version="1.0" encoding="utf-8"?><testsuites name="pytest tests"><testsuite name="pytest" errors="0" failures="0" skipped="0" tests="11" time="1.531" timestamp="2026-07-02T12:43:27.862181+00:00" hostname="agent-env-864f47c5-ace7-43cc-a680-81f264bd37dc"><testcase classname="backend.tests.test_auth_flow.TestBasics" name="test_api_root" time="0.162" /><testcase classname="backend.tests.test_auth_flow.TestRegistration" name="test_register_success" time="0.294" /><testcase classname="backend.tests.test_auth_flow.TestRegistration" name="test_register_duplicate_email_returns_400" time="0.066" /><testcase classname="backend.tests.test_auth_flow.TestRegistration" name="test_register_invalid_email_returns_422" time="0.049" /><testcase classname="backend.tests.test_auth_flow.TestLogin" name="test_login_success_new_user" time="0.284" /><testcase classname="backend.tests.test_auth_flow.TestLogin" name="test_login_wrong_password_returns_401" time="0.280" /><testcase classname="backend.tests.test_auth_flow.TestLogin" name="test_login_nonexistent_user_returns_401" time="0.051" /><testcase classname="backend.tests.test_auth_flow.TestAuthenticated" name="test_get_me" time="0.048" /><testcase classname="backend.tests.test_auth_flow.TestAuthenticated" name="test_get_me_without_token_unauthorized" time="0.046" /><testcase classname="backend.tests.test_auth_flow.TestAuthenticated" name="test_get_apartments_with_token" time="0.049" /><testcase classname="backend.tests.test_auth_flow.TestAuthenticated" name="test_get_apartments_without_token_unauthorized" time="0.046" /></testsuite></testsuites>